0 info it worked if it ends with ok
1 verbose cli [ 'C:\\Program Files (x86)\\nodejs\\node.exe',
1 verbose cli   'C:\\Users\\310200053\\AppData\\Roaming\\npm\\node_modules\\npm\\bin\\npm-cli.js',
1 verbose cli   'run',
1 verbose cli   'build-dev' ]
2 info using npm@3.7.3
3 info using node@v4.2.6
4 verbose run-script [ 'prebuild-dev', 'build-dev', 'postbuild-dev' ]
5 info lifecycle skillsmatchergame@1.0.0~prebuild-dev: skillsmatchergame@1.0.0
6 silly lifecycle skillsmatchergame@1.0.0~prebuild-dev: no script for prebuild-dev, continuing
7 info lifecycle skillsmatchergame@1.0.0~build-dev: skillsmatchergame@1.0.0
8 verbose lifecycle skillsmatchergame@1.0.0~build-dev: unsafe-perm in lifecycle true
9 verbose lifecycle skillsmatchergame@1.0.0~build-dev: PATH: C:\Users\310200053\AppData\Roaming\npm\node_modules\npm\bin\node-gyp-bin;C:\game\node_modules\.bin;C:\Program Files (x86)\nodejs;C:\Python34\Lib\site-packages\PyQt4;C:\Python27;C:\Users\310200053\AppData\Local\Programs\Python\Python35-32\scripts;C:\Users\310200053\AppData\Local\Programs\Python\Python35-32;C:\ProgramData\Oracle\Java\javapath;C:\windows\system32;C:\windows;C:\windows\System32\Wbem;C:\windows\System32\WindowsPowerShell\v1.0\;o:\bin;o:\bin;C:\Program Files (x86)\Windows Kits\8.1\Windows Performance Toolkit\;C:\Program Files\Microsoft SQL Server\110\Tools\Binn\;C:\Program Files (x86)\Microsoft SDKs\TypeScript\1.0\;C:\Program Files\Microsoft SQL Server\120\Tools\Binn\;C:\windows\system32\config\systemprofile\.dnx\bin;C:\Program Files\Microsoft DNX\Dnvm\;C:\Program Files (x86)\scala\bin;C:\HashiCorp\Vagrant\bin;C:\Program Files (x86)\nodejs\;C:\dependencies\openssl-1.0.1r-vs2008\bin;C:\dependencies\freetds-v0.95.83-win-x86-vs2008\lib;C:\Program Files\Git\cmd;C:\Program Files\Git\mingw64\bin;C:\Program Files\Git\usr\bin;C:\Users\310200053\AppData\Roaming\Microsoft\Windows\Start Menu\Programs\Python 3.5;C:\Users\310200053\Downloads\apache-ant-1.9.6/bin;C:\apache-maven-3.3.3\bin;C:\Program Files\Java\jdk1.7.0_79\bin;C:\Ruby193\bin;C:\Program Files (x86)\scala\bin;C:\Users\310200053\AppData\Roaming\npm\node_modules\http-server;C:\Users\310200053\AppData\Local\atom\bin;C:\Users\310200053\AppData\Roaming\npm;C:\Program Files\Docker Toolbox
10 verbose lifecycle skillsmatchergame@1.0.0~build-dev: CWD: C:\game
11 silly lifecycle skillsmatchergame@1.0.0~build-dev: Args: [ '/d /s /c',
11 silly lifecycle   ' babel src -d lib &&   karma start && concat-cli -f  lib/AutomatedDropModel.js lib/SkillFactory.js lib/SkillSprite.js lib/Boundry.js lib/KeyboardInputSource.js lib/PlayerFactory.js lib/CharacterSprite.js  lib/KeyboardListenerModel.js lib/Character.js lib/Game.js lib/Main.js -o script.js' ]
12 silly lifecycle skillsmatchergame@1.0.0~build-dev: Returned: code: 1  signal: null
13 info lifecycle skillsmatchergame@1.0.0~build-dev: Failed to exec build-dev script
14 verbose stack Error: skillsmatchergame@1.0.0 build-dev: ` babel src -d lib &&   karma start && concat-cli -f  lib/AutomatedDropModel.js lib/SkillFactory.js lib/SkillSprite.js lib/Boundry.js lib/KeyboardInputSource.js lib/PlayerFactory.js lib/CharacterSprite.js  lib/KeyboardListenerModel.js lib/Character.js lib/Game.js lib/Main.js -o script.js`
14 verbose stack Exit status 1
14 verbose stack     at EventEmitter.<anonymous> (C:\Users\310200053\AppData\Roaming\npm\node_modules\npm\lib\utils\lifecycle.js:239:16)
14 verbose stack     at emitTwo (events.js:87:13)
14 verbose stack     at EventEmitter.emit (events.js:172:7)
14 verbose stack     at ChildProcess.<anonymous> (C:\Users\310200053\AppData\Roaming\npm\node_modules\npm\lib\utils\spawn.js:24:14)
14 verbose stack     at emitTwo (events.js:87:13)
14 verbose stack     at ChildProcess.emit (events.js:172:7)
14 verbose stack     at maybeClose (internal/child_process.js:821:16)
14 verbose stack     at Process.ChildProcess._handle.onexit (internal/child_process.js:211:5)
15 verbose pkgid skillsmatchergame@1.0.0
16 verbose cwd C:\game
17 error Windows_NT 6.1.7601
18 error argv "C:\\Program Files (x86)\\nodejs\\node.exe" "C:\\Users\\310200053\\AppData\\Roaming\\npm\\node_modules\\npm\\bin\\npm-cli.js" "run" "build-dev"
19 error node v4.2.6
20 error npm  v3.7.3
21 error code ELIFECYCLE
22 error skillsmatchergame@1.0.0 build-dev: ` babel src -d lib &&   karma start && concat-cli -f  lib/AutomatedDropModel.js lib/SkillFactory.js lib/SkillSprite.js lib/Boundry.js lib/KeyboardInputSource.js lib/PlayerFactory.js lib/CharacterSprite.js  lib/KeyboardListenerModel.js lib/Character.js lib/Game.js lib/Main.js -o script.js`
22 error Exit status 1
23 error Failed at the skillsmatchergame@1.0.0 build-dev script ' babel src -d lib &&   karma start && concat-cli -f  lib/AutomatedDropModel.js lib/SkillFactory.js lib/SkillSprite.js lib/Boundry.js lib/KeyboardInputSource.js lib/PlayerFactory.js lib/CharacterSprite.js  lib/KeyboardListenerModel.js lib/Character.js lib/Game.js lib/Main.js -o script.js'.
23 error Make sure you have the latest version of node.js and npm installed.
23 error If you do, this is most likely a problem with the skillsmatchergame package,
23 error not with npm itself.
23 error Tell the author that this fails on your system:
23 error      babel src -d lib &&   karma start && concat-cli -f  lib/AutomatedDropModel.js lib/SkillFactory.js lib/SkillSprite.js lib/Boundry.js lib/KeyboardInputSource.js lib/PlayerFactory.js lib/CharacterSprite.js  lib/KeyboardListenerModel.js lib/Character.js lib/Game.js lib/Main.js -o script.js
23 error You can get information on how to open an issue for this project with:
23 error     npm bugs skillsmatchergame
23 error Or if that isn't available, you can get their info via:
23 error     npm owner ls skillsmatchergame
23 error There is likely additional logging output above.
24 verbose exit [ 1, true ]
